<?xml version="1.0" encoding="UTF-8"?>
<!-- Generated by org.testng.reporters.JUnitXMLReporter -->
<testsuite ignored="0" hostname="LAPTOP-7RS9FQA9" failures="0" tests="1" name="Banking Test" time="2.96" errors="0" timestamp="24 Dec 2021 11:04:07 GMT">
  <testcase classname="com.inetBanking.testcases.BaseClass" name="@BeforeClass setup" time="2.929">
    <failure type="org.openqa.selenium.SessionNotCreatedException" message="session not created: This version of MSEdgeDriver only supports MSEdge version 94
Current browser version is 96.0.1054.62 with binary path C:\Program Files (x86)\Microsoft\Edge\Application\msedge.exe
Build info: version: &amp;apos;3.141.59&amp;apos;, revision: &amp;apos;e82be7d358&amp;apos;, time: &amp;apos;2018-11-14T08:17:03&amp;apos;
System info: host: &amp;apos;LAPTOP-7RS9FQA9&amp;apos;, ip: &amp;apos;192.168.225.138&amp;apos;, os.name: &amp;apos;Windows 10&amp;apos;, os.arch: &amp;apos;amd64&amp;apos;, os.version: &amp;apos;10.0&amp;apos;, java.version: &amp;apos;11.0.10&amp;apos;
Driver info: driver.version: EdgeDriver
remote stacktrace: Backtrace:
	Microsoft::Applications::Events::EventProperties::SetName [0x00007FF6120E3202+11666]
	Microsoft::Applications::Events::EventProperty::to_string [0x00007FF611D191D3+943811]
	Microsoft::Applications::Events::EventProperty::to_string [0x00007FF611D4395D+1117773]
	Microsoft::Applications::Events::EventProperty::to_string [0x00007FF611D4009D+1103245]
	Microsoft::Applications::Events::EventProperty::to_string [0x00007FF611D39296+1075078]
	Microsoft::Applications::Events::EventProperty::to_string [0x00007FF611D74420+1317136]
	Microsoft::Applications::Events::EventProperty::to_string [0x00007FF611D6F61F+1297167]
	Microsoft::Applications::Events::EventProperty::to_string [0x00007FF611D4577F+1125487]
	Microsoft::Applications::Events::EventProperty::to_string [0x00007FF611D4688F+1129855]
	Microsoft::Applications::Events::EventProperty::~EventProperty [0x00007FF611DFE9CD+17933]
	Microsoft::Applications::Events::EventProperty::to_string [0x00007FF611DADB41+1552433]
	Microsoft::Applications::Events::EventProperty::EventProperty [0x00007FF611FB1729+2633]
	Microsoft::Applications::Events::EventProperty::to_string [0x00007FF611DAEBC9+1556665]
	Microsoft::Applications::Events::EventProperties::SetName [0x00007FF6120E3AC8+13912]
	Microsoft::Applications::Events::EventProperties::SetName [0x00007FF6120E3534+12484]
	Microsoft::Applications::Events::EventProperties::SetName [0x00007FF6120E3386+12054]
	Microsoft::Applications::Events::EventProperty::EventProperty [0x00007FF61208465C+73452]
	BaseThreadInitThunk [0x00007FFC28237034+20]
	RtlUserThreadStart [0x00007FFC287C2651+33]
">
      <![CDATA[org.openqa.selenium.SessionNotCreatedException: session not created: This version of MSEdgeDriver only supports MSEdge version 94
Current browser version is 96.0.1054.62 with binary path C:\Program Files (x86)\Microsoft\Edge\Application\msedge.exe
Build info: version: '3.141.59', revision: 'e82be7d358', time: '2018-11-14T08:17:03'
System info: host: 'LAPTOP-7RS9FQA9', ip: '192.168.225.138', os.name: 'Windows 10', os.arch: 'amd64', os.version: '10.0', java.version: '11.0.10'
Driver info: driver.version: EdgeDriver
remote stacktrace: Backtrace:
Microsoft::Applications::Events::EventProperties::SetName [0x00007FF6120E3202+11666]
Microsoft::Applications::Events::EventProperty::to_string [0x00007FF611D191D3+943811]
Microsoft::Applications::Events::EventProperty::to_string [0x00007FF611D4395D+1117773]
Microsoft::Applications::Events::EventProperty::to_string [0x00007FF611D4009D+1103245]
Microsoft::Applications::Events::EventProperty::to_string [0x00007FF611D39296+1075078]
Microsoft::Applications::Events::EventProperty::to_string [0x00007FF611D74420+1317136]
Microsoft::Applications::Events::EventProperty::to_string [0x00007FF611D6F61F+1297167]
Microsoft::Applications::Events::EventProperty::to_string [0x00007FF611D4577F+1125487]
Microsoft::Applications::Events::EventProperty::to_string [0x00007FF611D4688F+1129855]
Microsoft::Applications::Events::EventProperty::~EventProperty [0x00007FF611DFE9CD+17933]
Microsoft::Applications::Events::EventProperty::to_string [0x00007FF611DADB41+1552433]
Microsoft::Applications::Events::EventProperty::EventProperty [0x00007FF611FB1729+2633]
Microsoft::Applications::Events::EventProperty::to_string [0x00007FF611DAEBC9+1556665]
Microsoft::Applications::Events::EventProperties::SetName [0x00007FF6120E3AC8+13912]
Microsoft::Applications::Events::EventProperties::SetName [0x00007FF6120E3534+12484]
Microsoft::Applications::Events::EventProperties::SetName [0x00007FF6120E3386+12054]
Microsoft::Applications::Events::EventProperty::EventProperty [0x00007FF61208465C+73452]
BaseThreadInitThunk [0x00007FFC28237034+20]
RtlUserThreadStart [0x00007FFC287C2651+33]

at org.openqa.selenium.remote.W3CHandshakeResponse.lambda$errorHandler$0(W3CHandshakeResponse.java:62)
at org.openqa.selenium.remote.HandshakeResponse.lambda$getResponseFunction$0(HandshakeResponse.java:30)
at org.openqa.selenium.remote.ProtocolHandshake.lambda$createSession$0(ProtocolHandshake.java:126)
at java.base/java.util.stream.ReferencePipeline$3$1.accept(ReferencePipeline.java:195)
at java.base/java.util.Spliterators$ArraySpliterator.tryAdvance(Spliterators.java:958)
at java.base/java.util.stream.ReferencePipeline.forEachWithCancel(ReferencePipeline.java:127)
at java.base/java.util.stream.AbstractPipeline.copyIntoWithCancel(AbstractPipeline.java:502)
at java.base/java.util.stream.AbstractPipeline.copyInto(AbstractPipeline.java:488)
at java.base/java.util.stream.AbstractPipeline.wrapAndCopyInto(AbstractPipeline.java:474)
at java.base/java.util.stream.FindOps$FindOp.evaluateSequential(FindOps.java:150)
at java.base/java.util.stream.AbstractPipeline.evaluate(AbstractPipeline.java:234)
at java.base/java.util.stream.ReferencePipeline.findFirst(ReferencePipeline.java:543)
at org.openqa.selenium.remote.ProtocolHandshake.createSession(ProtocolHandshake.java:128)
at org.openqa.selenium.remote.ProtocolHandshake.createSession(ProtocolHandshake.java:74)
at org.openqa.selenium.remote.HttpCommandExecutor.execute(HttpCommandExecutor.java:136)
at org.openqa.selenium.remote.service.DriverCommandExecutor.execute(DriverCommandExecutor.java:83)
at org.openqa.selenium.remote.RemoteWebDriver.execute(RemoteWebDriver.java:552)
at org.openqa.selenium.remote.RemoteWebDriver.startSession(RemoteWebDriver.java:213)
at org.openqa.selenium.remote.RemoteWebDriver.<init>(RemoteWebDriver.java:131)
at org.openqa.selenium.edge.EdgeDriver.<init>(EdgeDriver.java:141)
at org.openqa.selenium.edge.EdgeDriver.<init>(EdgeDriver.java:96)
at com.inetBanking.testcases.BaseClass.setup(BaseClass.java:43)
... Removed 30 stack frames]]>
    </failure>
  </testcase> <!-- @BeforeClass setup -->
  <testcase classname="com.inetBanking.testcases.BaseClass" name="@AfterClass tearDown" time="0.0">
    <skipped/>
  </testcase> <!-- @AfterClass tearDown -->
  <testcase classname="com.inetBanking.testcases.TC_LoginTest_001" name="loginTest" time="0.0">
    <skipped/>
  </testcase> <!-- loginTest -->
</testsuite> <!-- Banking Test -->
